#
# A fatal error has been detected by the Java Runtime Environment:
#
#  SIGSEGV (0xb) at pc=0x00007f13fd30555e, pid=8761, tid=139722929170176
#
# JRE version: Java(TM) SE Runtime Environment (8.0_77-b03) (build 1.8.0_77-b03)
# Java VM: Java HotSpot(TM) 64-Bit Server VM (25.77-b03 mixed mode linux-amd64 compressed oops)
# Problematic frame:
# V  [libjvm.so+0x8a655e]  Method::checked_resolve_jmethod_id(_jmethodID*)+0x2e
#
# Failed to write core dump. Core dumps have been disabled. To enable core dumping, try "ulimit -c unlimited" before starting Java again
#
# If you would like to submit a bug report, please visit:
#   http://bugreport.java.com/bugreport/crash.jsp
#

---------------  T H R E A D  ---------------

Current thread (0x00007f13f80ce000):  JavaThread "JDWP Transport Listener: dt_socket" daemon [_thread_in_vm, id=8794, stack(0x00007f13c77f6000,0x00007f13c78f7000)]

siginfo: si_signo: 11 (SIGSEGV), si_code: 1 (SEGV_MAPERR), si_addr: 0x00000000000001a0

Registers:
RAX=0x0000000000000001, RBX=0x00000000000001a0, RCX=0x00007f13fe437320, RDX=0x00007f13fda14640
RSP=0x00007f13c78f5790, RBP=0x00007f13c78f57a0, RSI=0x00007f13f80ce000, RDI=0x00007f13ac002f90
R8 =0x0000000000000000, R9 =0x00007f13ac009d70, R10=0x0000000000000010, R11=0x00007f13fdbc6a30
R12=0x0000000000000017, R13=0x00007f13ac002f90, R14=0x00007f13f80ce000, R15=0x00007f13c78f58a7
RIP=0x00007f13fd30555e, EFLAGS=0x0000000000010216, CSGSFS=0x0000000000000033, ERR=0x0000000000000004
  TRAPNO=0x000000000000000e

Top of Stack: (sp=0x00007f13c78f5790)
0x00007f13c78f5790:   0000000000000074 00007f13f8003e10
0x00007f13c78f57a0:   00007f13c78f5810 00007f13fd195cae
0x00007f13c78f57b0:   0000000000000073 00007f13c78f57c0
0x00007f13c78f57c0:   00007f13f80ce000 0000000000000000
0x00007f13c78f57d0:   00007f1300000000 0000000000000000
0x00007f13c78f57e0:   00007f13c78f5800 00007f13f7fffe40
0x00007f13c78f57f0:   00007f13ac002f90 00007f13c78f58a7
0x00007f13c78f5800:   0000000000000004 00007f13c78f58a7
0x00007f13c78f5810:   00007f13c78f5840 00007f13f7deb8c2
0x00007f13c78f5820:   00007f13c78f5840 00007f13ac002f90
0x00007f13c78f5830:   00007f13c78f5910 0000000000000020
0x00007f13c78f5840:   00007f13c78f58d0 00007f13f7dccaa0
0x00007f13c78f5850:   00007f13c78f5888 00007f13c78f5880
0x00007f13c78f5860:   00007f13c78f5878 00007f13c78f589c
0x00007f13c78f5870:   00000001ac003380 0000000000000000
0x00007f13c78f5880:   0000000000000000 0000000000000000
0x00007f13c78f5890:   00007f13ac003af0 00000001c78f5910
0x00007f13c78f58a0:   0000000000000005 0000000000000002
0x00007f13c78f58b0:   000000000000000f 0000000000000002
0x00007f13c78f58c0:   00000000000f0200 000000000000000f
0x00007f13c78f58d0:   00007f13c78f5b20 00007f13f7dd79c6
0x00007f13c78f58e0:   0000404400000013 00007f13fd0f0200
0x00007f13c78f58f0:   00007f13a4000fc0 00007f13f7fffe40
0x00007f13c78f5900:   00007f13c78f5910 00007f13c78f5aa0
0x00007f13c78f5910:   00007f13c78f59fd 00007f130000008f
0x00007f13c78f5920:   00007f13c78f5928 000000000000009d
0x00007f13c78f5930:   00007f13c78f5960 0000000000000000
0x00007f13c78f5940:   00007f0000000000 000040440000000f
0x00007f13c78f5950:   00007f1300005a80 00007f13c78f5960
0x00007f13c78f5960:   137f000005000000 07000000883b00ac
0x00007f13c78f5970:   00657261706d6f63 0049294928040000
0x00007f13c78f5980:   000a000000000000 00783b00ac137f00 

Instructions: (pc=0x00007f13fd30555e)
0x00007f13fd30553e:   31 db 48 89 d8 48 83 c4 08 5b c9 c3 66 0f 1f 44
0x00007f13fd30554e:   00 00 48 8b 1f 48 85 db 74 e6 48 83 fb 37 74 e0
0x00007f13fd30555e:   48 8b 03 48 89 df ff 50 10 84 c0 0f 1f 80 00 00
0x00007f13fd30556e:   00 00 75 ce 66 0f 1f 44 00 00 eb c4 66 0f 1f 44 

Register to memory mapping:

RAX=0x0000000000000001 is an unknown value
RBX=0x00000000000001a0 is an unknown value
RCX=0x00007f13fe437320: <offset 0x219320> in /lib/x86_64-linux-gnu/libpthread.so.0 at 0x00007f13fe21e000
RDX=0x00007f13fda14640: <offset 0xfb5640> in /usr/lib/jvm/java-8-oracle/jre/lib/amd64/server/libjvm.so at 0x00007f13fca5f000
RSP=0x00007f13c78f5790 is pointing into the stack for thread: 0x00007f13f80ce000
RBP=0x00007f13c78f57a0 is pointing into the stack for thread: 0x00007f13f80ce000
RSI=0x00007f13f80ce000 is a thread
RDI=0x00007f13ac002f90 is an unknown value
R8 =0x0000000000000000 is an unknown value
R9 =0x00007f13ac009d70 is an unknown value
R10=0x0000000000000010 is an unknown value
R11=0x00007f13fdbc6a30: <offset 0x187a30> in /lib/x86_64-linux-gnu/libc.so.6 at 0x00007f13fda3f000
R12=0x0000000000000017 is an unknown value
R13=0x00007f13ac002f90 is an unknown value
R14=0x00007f13f80ce000 is a thread
R15=0x00007f13c78f58a7 is pointing into the stack for thread: 0x00007f13f80ce000


Stack: [0x00007f13c77f6000,0x00007f13c78f7000],  sp=0x00007f13c78f5790,  free space=1021k
Native frames: (J=compiled Java code, j=interpreted, Vv=VM code, C=native code)
V  [libjvm.so+0x8a655e]  Method::checked_resolve_jmethod_id(_jmethodID*)+0x2e
V  [libjvm.so+0x736cae]  jvmti_IsMethodSynthetic+0x2be
C  [libjdwp.so+0x258c2]  isMethodSynthetic+0x42
C  [libjdwp.so+0x6aa0]  methods1+0x1b0
C  [libjdwp.so+0x119c6]  debugLoop_run+0x2b6
C  [libjdwp.so+0x247ff]  attachThread+0x2f
V  [libjvm.so+0x7a3432]  JvmtiAgentThread::call_start_function()+0xc2
V  [libjvm.so+0xa69dcf]  JavaThread::thread_main_inner()+0xdf
V  [libjvm.so+0xa69efc]  JavaThread::run()+0x11c
V  [libjvm.so+0x91d9d8]  java_start(Thread*)+0x108
C  [libpthread.so.0+0x8182]  start_thread+0xc2


---------------  P R O C E S S  ---------------

Java Threads: ( => current thread )
  0x00007f13f80de800 JavaThread "Service Thread" daemon [_thread_blocked, id=8804, stack(0x00007f13c70ef000,0x00007f13c71f0000)]
  0x00007f13f80da800 JavaThread "C1 CompilerThread3" daemon [_thread_blocked, id=8803, stack(0x00007f13c71f0000,0x00007f13c72f1000)]
  0x00007f13f80d8800 JavaThread "C2 CompilerThread2" daemon [_thread_blocked, id=8802, stack(0x00007f13c72f1000,0x00007f13c73f2000)]
  0x00007f13f80d7000 JavaThread "C2 CompilerThread1" daemon [_thread_blocked, id=8801, stack(0x00007f13c73f2000,0x00007f13c74f3000)]
  0x00007f13f80d4000 JavaThread "C2 CompilerThread0" daemon [_thread_blocked, id=8800, stack(0x00007f13c74f3000,0x00007f13c75f4000)]
  0x00007f13ac001000 JavaThread "JDWP Command Reader" daemon [_thread_in_native, id=8799, stack(0x00007f13c75f4000,0x00007f13c76f5000)]
  0x00007f13f80d1800 JavaThread "JDWP Event Helper Thread" daemon [_thread_blocked, id=8796, stack(0x00007f13c76f5000,0x00007f13c77f6000)]
=>0x00007f13f80ce000 JavaThread "JDWP Transport Listener: dt_socket" daemon [_thread_in_vm, id=8794, stack(0x00007f13c77f6000,0x00007f13c78f7000)]
  0x00007f13f80c2000 JavaThread "Signal Dispatcher" daemon [_thread_blocked, id=8793, stack(0x00007f13c7afb000,0x00007f13c7bfc000)]
  0x00007f13f8090000 JavaThread "Finalizer" daemon [_thread_blocked, id=8786, stack(0x00007f13c7bfc000,0x00007f13c7cfd000)]
  0x00007f13f808b800 JavaThread "Reference Handler" daemon [_thread_blocked, id=8784, stack(0x00007f13c7cfd000,0x00007f13c7dfe000)]
  0x00007f13f800d800 JavaThread "main" [_thread_in_native, id=8763, stack(0x00007f13fe53d000,0x00007f13fe63e000)]

Other Threads:
  0x00007f13f8083800 VMThread [stack: 0x00007f13c7dfe000,0x00007f13c7eff000] [id=8782]
  0x00007f13f80e2000 WatcherThread [stack: 0x00007f13c6fee000,0x00007f13c70ef000] [id=8805]

VM state:not at safepoint (normal execution)

VM Mutex/Monitor currently owned by a thread: None

Heap:
 PSYoungGen      total 36864K, used 1904K [0x00000000d6e00000, 0x00000000d9700000, 0x0000000100000000)
  eden space 31744K, 6% used [0x00000000d6e00000,0x00000000d6fdc2c0,0x00000000d8d00000)
  from space 5120K, 0% used [0x00000000d9200000,0x00000000d9200000,0x00000000d9700000)
  to   space 5120K, 0% used [0x00000000d8d00000,0x00000000d8d00000,0x00000000d9200000)
 ParOldGen       total 84992K, used 0K [0x0000000084a00000, 0x0000000089d00000, 0x00000000d6e00000)
  object space 84992K, 0% used [0x0000000084a00000,0x0000000084a00000,0x0000000089d00000)
 Metaspace       used 2696K, capacity 4498K, committed 4864K, reserved 1056768K
  class space    used 289K, capacity 386K, committed 512K, reserved 1048576K

Card table byte_map: [0x00007f13e71bd000,0x00007f13e7599000] byte_map_base: 0x00007f13e6d98000

Marking Bits: (ParMarkBitMap*) 0x00007f13fda14100
 Begin Bits: [0x00007f13d4250000, 0x00007f13d6128000)
 End Bits:   [0x00007f13d6128000, 0x00007f13d8000000)

Polling page: 0x00007f13fe65b000

CodeCache: size=245760Kb used=1103Kb max_used=1109Kb free=244656Kb
 bounds [0x00007f13e7959000, 0x00007f13e7bc9000, 0x00007f13f6959000]
 total_blobs=253 nmethods=31 adapters=145
 compilation: enabled

Compilation events (10 events):
Event: 0.102 Thread 0x00007f13f80da800   27       3       java.lang.CharacterDataLatin1::toLowerCase (39 bytes)
Event: 0.102 Thread 0x00007f13f80da800 nmethod 27 0x00007f13e7a6dd10 code [0x00007f13e7a6de80, 0x00007f13e7a6e110]
Event: 0.102 Thread 0x00007f13f80da800   26       1       java.net.URL::getProtocol (5 bytes)
Event: 0.102 Thread 0x00007f13f80da800 nmethod 26 0x00007f13e7a6da50 code [0x00007f13e7a6dba0, 0x00007f13e7a6dcb0]
Event: 0.102 Thread 0x00007f13f80da800   29       1       java.net.URL::getAuthority (5 bytes)
Event: 0.102 Thread 0x00007f13f80da800 nmethod 29 0x00007f13e7a6d790 code [0x00007f13e7a6d8e0, 0x00007f13e7a6d9f0]
Event: 0.102 Thread 0x00007f13f80da800   30       1       java.net.URL::getPath (5 bytes)
Event: 0.102 Thread 0x00007f13f80da800 nmethod 30 0x00007f13e7a6d4d0 code [0x00007f13e7a6d620, 0x00007f13e7a6d730]
Event: 0.102 Thread 0x00007f13f80da800   31  s    1       java.util.Vector::size (5 bytes)
Event: 0.102 Thread 0x00007f13f80da800 nmethod 31 0x00007f13e7a6d090 code [0x00007f13e7a6d1e0, 0x00007f13e7a6d450]

GC Heap History (0 events):
No events

Deoptimization events (0 events):
No events

Internal exceptions (2 events):
Event: 0.025 Thread 0x00007f13f800d800 Exception <a 'java/lang/NoSuchMethodError': Method sun.misc.Unsafe.defineClass(Ljava/lang/String;[BII)Ljava/lang/Class; name or signature does not match> (0x00000000d6e07cc0) thrown at [/HUDSON/workspace/8-2-build-linux-amd64/jdk8u77/6540/hotspot/src/shar
Event: 0.025 Thread 0x00007f13f800d800 Exception <a 'java/lang/NoSuchMethodError': Method sun.misc.Unsafe.prefetchRead(Ljava/lang/Object;J)V name or signature does not match> (0x00000000d6e07fa8) thrown at [/HUDSON/workspace/8-2-build-linux-amd64/jdk8u77/6540/hotspot/src/share/vm/prims/jni.cpp

Events (10 events):
Event: 617.241 Executing VM operation: ChangeBreakpoints
Event: 617.241 Executing VM operation: ChangeBreakpoints done
Event: 617.241 Executing VM operation: ChangeBreakpoints
Event: 617.241 Executing VM operation: ChangeBreakpoints done
Event: 681.571 Executing VM operation: ChangeBreakpoints
Event: 681.571 Executing VM operation: ChangeBreakpoints done
Event: 681.571 Executing VM operation: ChangeBreakpoints
Event: 681.571 Executing VM operation: ChangeBreakpoints done
Event: 681.573 Executing VM operation: RedefineClasses
Event: 681.573 Executing VM operation: RedefineClasses done


Dynamic libraries:
00400000-00401000 r-xp 00000000 08:12 2627623                            /usr/lib/jvm/java-8-oracle/bin/java
00600000-00601000 rw-p 00000000 08:12 2627623                            /usr/lib/jvm/java-8-oracle/bin/java
025f5000-02616000 rw-p 00000000 00:00 0                                  [heap]
84a00000-89d00000 rw-p 00000000 00:00 0 
89d00000-d6e00000 ---p 00000000 00:00 0 
d6e00000-d9700000 rw-p 00000000 00:00 0 
d9700000-100000000 ---p 00000000 00:00 0 
100000000-100080000 rw-p 00000000 00:00 0 
100080000-140000000 ---p 00000000 00:00 0 
7f1388000000-7f1388021000 rw-p 00000000 00:00 0 
7f1388021000-7f138c000000 ---p 00000000 00:00 0 
7f138c000000-7f138c021000 rw-p 00000000 00:00 0 
7f138c021000-7f1390000000 ---p 00000000 00:00 0 
7f1390000000-7f1390021000 rw-p 00000000 00:00 0 
7f1390021000-7f1394000000 ---p 00000000 00:00 0 
7f1394000000-7f1394021000 rw-p 00000000 00:00 0 
7f1394021000-7f1398000000 ---p 00000000 00:00 0 
7f1398000000-7f1398086000 rw-p 00000000 00:00 0 
7f1398086000-7f139c000000 ---p 00000000 00:00 0 
7f139c000000-7f139c021000 rw-p 00000000 00:00 0 
7f139c021000-7f13a0000000 ---p 00000000 00:00 0 
7f13a0000000-7f13a0021000 rw-p 00000000 00:00 0 
7f13a0021000-7f13a4000000 ---p 00000000 00:00 0 
7f13a4000000-7f13a4021000 rw-p 00000000 00:00 0 
7f13a4021000-7f13a8000000 ---p 00000000 00:00 0 
7f13a8000000-7f13a8021000 rw-p 00000000 00:00 0 
7f13a8021000-7f13ac000000 ---p 00000000 00:00 0 
7f13ac000000-7f13ac029000 rw-p 00000000 00:00 0 
7f13ac029000-7f13b0000000 ---p 00000000 00:00 0 
7f13b0000000-7f13b0021000 rw-p 00000000 00:00 0 
7f13b0021000-7f13b4000000 ---p 00000000 00:00 0 
7f13b4000000-7f13b4021000 rw-p 00000000 00:00 0 
7f13b4021000-7f13b8000000 ---p 00000000 00:00 0 
7f13b8000000-7f13b8021000 rw-p 00000000 00:00 0 
7f13b8021000-7f13bc000000 ---p 00000000 00:00 0 
7f13bc000000-7f13bc021000 rw-p 00000000 00:00 0 
7f13bc021000-7f13c0000000 ---p 00000000 00:00 0 
7f13c0000000-7f13c0021000 rw-p 00000000 00:00 0 
7f13c0021000-7f13c4000000 ---p 00000000 00:00 0 
7f13c6d69000-7f13c6fee000 rw-p 00000000 00:00 0 
7f13c6fee000-7f13c6fef000 ---p 00000000 00:00 0 
7f13c6fef000-7f13c70ef000 rw-p 00000000 00:00 0                          [stack:8805]
7f13c70ef000-7f13c70f2000 ---p 00000000 00:00 0 
7f13c70f2000-7f13c71f0000 rw-p 00000000 00:00 0                          [stack:8804]
7f13c71f0000-7f13c71f3000 ---p 00000000 00:00 0 
7f13c71f3000-7f13c72f1000 rw-p 00000000 00:00 0                          [stack:8803]
7f13c72f1000-7f13c72f4000 ---p 00000000 00:00 0 
7f13c72f4000-7f13c73f2000 rw-p 00000000 00:00 0                          [stack:8802]
7f13c73f2000-7f13c73f5000 ---p 00000000 00:00 0 
7f13c73f5000-7f13c74f3000 rw-p 00000000 00:00 0                          [stack:8801]
7f13c74f3000-7f13c74f6000 ---p 00000000 00:00 0 
7f13c74f6000-7f13c75f4000 rw-p 00000000 00:00 0                          [stack:8800]
7f13c75f4000-7f13c75f7000 ---p 00000000 00:00 0 
7f13c75f7000-7f13c76f5000 rw-p 00000000 00:00 0                          [stack:8799]
7f13c76f5000-7f13c76f8000 ---p 00000000 00:00 0 
7f13c76f8000-7f13c77f6000 rw-p 00000000 00:00 0                          [stack:8796]
7f13c77f6000-7f13c77f9000 ---p 00000000 00:00 0 
7f13c77f9000-7f13c78f7000 rw-p 00000000 00:00 0                          [stack:8794]
7f13c78f7000-7f13c78fb000 r-xp 00000000 08:12 2760674                    /usr/lib/jvm/java-8-oracle/jre/lib/amd64/libdt_socket.so
7f13c78fb000-7f13c7afa000 ---p 00004000 08:12 2760674                    /usr/lib/jvm/java-8-oracle/jre/lib/amd64/libdt_socket.so
7f13c7afa000-7f13c7afb000 rw-p 00003000 08:12 2760674                    /usr/lib/jvm/java-8-oracle/jre/lib/amd64/libdt_socket.so
7f13c7afb000-7f13c7afe000 ---p 00000000 00:00 0 
7f13c7afe000-7f13c7bfc000 rw-p 00000000 00:00 0                          [stack:8793]
7f13c7bfc000-7f13c7bff000 ---p 00000000 00:00 0 
7f13c7bff000-7f13c7cfd000 rw-p 00000000 00:00 0                          [stack:8786]
7f13c7cfd000-7f13c7d00000 ---p 00000000 00:00 0 
7f13c7d00000-7f13c7dfe000 rw-p 00000000 00:00 0                          [stack:8784]
7f13c7dfe000-7f13c7dff000 ---p 00000000 00:00 0 
7f13c7dff000-7f13c8000000 rw-p 00000000 00:00 0                          [stack:8782]
7f13c8000000-7f13c8021000 rw-p 00000000 00:00 0 
7f13c8021000-7f13cc000000 ---p 00000000 00:00 0 
7f13cc000000-7f13cc021000 rw-p 00000000 00:00 0 
7f13cc021000-7f13d0000000 ---p 00000000 00:00 0 
7f13d0000000-7f13d0021000 rw-p 00000000 00:00 0 
7f13d0021000-7f13d4000000 ---p 00000000 00:00 0 
7f13d404e000-7f13d8000000 rw-p 00000000 00:00 0 
7f13d8000000-7f13d8021000 rw-p 00000000 00:00 0 
7f13d8021000-7f13dc000000 ---p 00000000 00:00 0 
7f13dc000000-7f13dc021000 rw-p 00000000 00:00 0 
7f13dc021000-7f13e0000000 ---p 00000000 00:00 0 
7f13e0000000-7f13e0021000 rw-p 00000000 00:00 0 
7f13e0021000-7f13e4000000 ---p 00000000 00:00 0 
7f13e4057000-7f13e405f000 r--s 00045000 08:01 4457434                    /data/downloads/junit-4.12.jar
7f13e405f000-7f13e4071000 r--s 00345000 08:12 2628637                    /usr/lib/jvm/java-8-oracle/jre/lib/resources.jar
7f13e4071000-7f13e408c000 r--s 00208000 08:12 2628636                    /usr/lib/jvm/java-8-oracle/jre/lib/deploy.jar
7f13e408c000-7f13e59fb000 rw-p 00000000 00:00 0 
7f13e59fb000-7f13e5bd3000 r--s 03d1e000 08:12 2629268                    /usr/lib/jvm/java-8-oracle/jre/lib/rt.jar
7f13e5bd3000-7f13e6089000 rw-p 00000000 00:00 0 
7f13e6089000-7f13e6449000 ---p 00000000 00:00 0 
7f13e6449000-7f13e6824000 rw-p 00000000 00:00 0 
7f13e6824000-7f13e6825000 ---p 00000000 00:00 0 
7f13e6825000-7f13e6925000 rw-p 00000000 00:00 0                          [stack:8780]
7f13e6925000-7f13e6926000 ---p 00000000 00:00 0 
7f13e6926000-7f13e6a26000 rw-p 00000000 00:00 0                          [stack:8779]
7f13e6a26000-7f13e6a27000 ---p 00000000 00:00 0 
7f13e6a27000-7f13e6b27000 rw-p 00000000 00:00 0                          [stack:8778]
7f13e6b27000-7f13e6b28000 ---p 00000000 00:00 0 
7f13e6b28000-7f13e6c28000 rw-p 00000000 00:00 0                          [stack:8776]
7f13e6c28000-7f13e6c29000 ---p 00000000 00:00 0 
7f13e6c29000-7f13e6d29000 rw-p 00000000 00:00 0                          [stack:8774]
7f13e6d29000-7f13e6d2a000 ---p 00000000 00:00 0 
7f13e6d2a000-7f13e6e2a000 rw-p 00000000 00:00 0                          [stack:8772]
7f13e6e2a000-7f13e6e2b000 ---p 00000000 00:00 0 
7f13e6e2b000-7f13e6f55000 rw-p 00000000 00:00 0                          [stack:8770]
7f13e6f55000-7f13e71bd000 ---p 00000000 00:00 0 
7f13e71bd000-7f13e71e7000 rw-p 00000000 00:00 0 
7f13e71e7000-7f13e744f000 ---p 00000000 00:00 0 
7f13e744f000-7f13e7464000 rw-p 00000000 00:00 0 
7f13e7464000-7f13e7598000 ---p 00000000 00:00 0 
7f13e7598000-7f13e75a3000 rw-p 00000000 00:00 0 
7f13e75a3000-7f13e7959000 ---p 00000000 00:00 0 
7f13e7959000-7f13e7bc9000 rwxp 00000000 00:00 0 
7f13e7bc9000-7f13f6959000 ---p 00000000 00:00 0 
7f13f6959000-7f13f6973000 r-xp 00000000 08:12 2760667                    /usr/lib/jvm/java-8-oracle/jre/lib/amd64/libzip.so
7f13f6973000-7f13f6b73000 ---p 0001a000 08:12 2760667                    /usr/lib/jvm/java-8-oracle/jre/lib/amd64/libzip.so
7f13f6b73000-7f13f6b74000 rw-p 0001a000 08:12 2760667                    /usr/lib/jvm/java-8-oracle/jre/lib/amd64/libzip.so
7f13f6b74000-7f13f6b7f000 r-xp 00000000 08:12 5773681                    /lib/x86_64-linux-gnu/libnss_files-2.19.so
7f13f6b7f000-7f13f6d7e000 ---p 0000b000 08:12 5773681                    /lib/x86_64-linux-gnu/libnss_files-2.19.so
7f13f6d7e000-7f13f6d7f000 r--p 0000a000 08:12 5773681                    /lib/x86_64-linux-gnu/libnss_files-2.19.so
7f13f6d7f000-7f13f6d80000 rw-p 0000b000 08:12 5773681                    /lib/x86_64-linux-gnu/libnss_files-2.19.so
7f13f6d80000-7f13f6d8b000 r-xp 00000000 08:12 5771546                    /lib/x86_64-linux-gnu/libnss_nis-2.19.so
7f13f6d8b000-7f13f6f8a000 ---p 0000b000 08:12 5771546                    /lib/x86_64-linux-gnu/libnss_nis-2.19.so
7f13f6f8a000-7f13f6f8b000 r--p 0000a000 08:12 5771546                    /lib/x86_64-linux-gnu/libnss_nis-2.19.so
7f13f6f8b000-7f13f6f8c000 rw-p 0000b000 08:12 5771546                    /lib/x86_64-linux-gnu/libnss_nis-2.19.so
7f13f6f8c000-7f13f6fa3000 r-xp 00000000 08:12 5767369                    /lib/x86_64-linux-gnu/libnsl-2.19.so
7f13f6fa3000-7f13f71a2000 ---p 00017000 08:12 5767369                    /lib/x86_64-linux-gnu/libnsl-2.19.so
7f13f71a2000-7f13f71a3000 r--p 00016000 08:12 5767369                    /lib/x86_64-linux-gnu/libnsl-2.19.so
7f13f71a3000-7f13f71a4000 rw-p 00017000 08:12 5767369                    /lib/x86_64-linux-gnu/libnsl-2.19.so
7f13f71a4000-7f13f71a6000 rw-p 00000000 00:00 0 
7f13f71a6000-7f13f71af000 r-xp 00000000 08:12 5767368                    /lib/x86_64-linux-gnu/libnss_compat-2.19.so
7f13f71af000-7f13f73ae000 ---p 00009000 08:12 5767368                    /lib/x86_64-linux-gnu/libnss_compat-2.19.so
7f13f73ae000-7f13f73af000 r--p 00008000 08:12 5767368                    /lib/x86_64-linux-gnu/libnss_compat-2.19.so
7f13f73af000-7f13f73b0000 rw-p 00009000 08:12 5767368                    /lib/x86_64-linux-gnu/libnss_compat-2.19.so
7f13f73b0000-7f13f7bc3000 r--p 00000000 08:12 2366442                    /usr/lib/locale/locale-archive
7f13f7bc3000-7f13f7bc5000 r-xp 00000000 08:12 2759026                    /usr/lib/jvm/java-8-oracle/jre/lib/amd64/libnpt.so
7f13f7bc5000-7f13f7dc5000 ---p 00002000 08:12 2759026                    /usr/lib/jvm/java-8-oracle/jre/lib/amd64/libnpt.so
7f13f7dc5000-7f13f7dc6000 rw-p 00002000 08:12 2759026                    /usr/lib/jvm/java-8-oracle/jre/lib/amd64/libnpt.so
7f13f7dc6000-7f13f7dff000 r-xp 00000000 08:12 2760678                    /usr/lib/jvm/java-8-oracle/jre/lib/amd64/libjdwp.so
7f13f7dff000-7f13f7ffe000 ---p 00039000 08:12 2760678                    /usr/lib/jvm/java-8-oracle/jre/lib/amd64/libjdwp.so
7f13f7ffe000-7f13f8000000 rw-p 00038000 08:12 2760678                    /usr/lib/jvm/java-8-oracle/jre/lib/amd64/libjdwp.so
7f13f8000000-7f13f815d000 rw-p 00000000 00:00 0 
7f13f815d000-7f13fc000000 ---p 00000000 00:00 0 
7f13fc002000-7f13fc015000 r--s 000d6000 08:12 2629272                    /usr/lib/jvm/java-8-oracle/jre/lib/plugin.jar
7f13fc015000-7f13fc016000 ---p 00000000 00:00 0 
7f13fc016000-7f13fc116000 rw-p 00000000 00:00 0                          [stack:8768]
7f13fc116000-7f13fc140000 r-xp 00000000 08:12 2760677                    /usr/lib/jvm/java-8-oracle/jre/lib/amd64/libjava.so
7f13fc140000-7f13fc340000 ---p 0002a000 08:12 2760677                    /usr/lib/jvm/java-8-oracle/jre/lib/amd64/libjava.so
7f13fc340000-7f13fc342000 rw-p 0002a000 08:12 2760677                    /usr/lib/jvm/java-8-oracle/jre/lib/amd64/libjava.so
7f13fc342000-7f13fc34f000 r-xp 00000000 08:12 2760670                    /usr/lib/jvm/java-8-oracle/jre/lib/amd64/libverify.so
7f13fc34f000-7f13fc54f000 ---p 0000d000 08:12 2760670                    /usr/lib/jvm/java-8-oracle/jre/lib/amd64/libverify.so
7f13fc54f000-7f13fc551000 rw-p 0000d000 08:12 2760670                    /usr/lib/jvm/java-8-oracle/jre/lib/amd64/libverify.so
7f13fc551000-7f13fc558000 r-xp 00000000 08:12 5773677                    /lib/x86_64-linux-gnu/librt-2.19.so
7f13fc558000-7f13fc757000 ---p 00007000 08:12 5773677                    /lib/x86_64-linux-gnu/librt-2.19.so
7f13fc757000-7f13fc758000 r--p 00006000 08:12 5773677                    /lib/x86_64-linux-gnu/librt-2.19.so
7f13fc758000-7f13fc759000 rw-p 00007000 08:12 5773677                    /lib/x86_64-linux-gnu/librt-2.19.so
7f13fc759000-7f13fc85e000 r-xp 00000000 08:12 5767349                    /lib/x86_64-linux-gnu/libm-2.19.so
7f13fc85e000-7f13fca5d000 ---p 00105000 08:12 5767349                    /lib/x86_64-linux-gnu/libm-2.19.so
7f13fca5d000-7f13fca5e000 r--p 00104000 08:12 5767349                    /lib/x86_64-linux-gnu/libm-2.19.so
7f13fca5e000-7f13fca5f000 rw-p 00105000 08:12 5767349                    /lib/x86_64-linux-gnu/libm-2.19.so
7f13fca5f000-7f13fd71e000 r-xp 00000000 08:12 2760549                    /usr/lib/jvm/java-8-oracle/jre/lib/amd64/server/libjvm.so
7f13fd71e000-7f13fd91d000 ---p 00cbf000 08:12 2760549                    /usr/lib/jvm/java-8-oracle/jre/lib/amd64/server/libjvm.so
7f13fd91d000-7f13fd9f6000 rw-p 00cbe000 08:12 2760549                    /usr/lib/jvm/java-8-oracle/jre/lib/amd64/server/libjvm.so
7f13fd9f6000-7f13fda3f000 rw-p 00000000 00:00 0 
7f13fda3f000-7f13fdbfa000 r-xp 00000000 08:12 5773678                    /lib/x86_64-linux-gnu/libc-2.19.so
7f13fdbfa000-7f13fddf9000 ---p 001bb000 08:12 5773678                    /lib/x86_64-linux-gnu/libc-2.19.so
7f13fddf9000-7f13fddfd000 r--p 001ba000 08:12 5773678                    /lib/x86_64-linux-gnu/libc-2.19.so
7f13fddfd000-7f13fddff000 rw-p 001be000 08:12 5773678                    /lib/x86_64-linux-gnu/libc-2.19.so
7f13fddff000-7f13fde04000 rw-p 00000000 00:00 0 
7f13fde04000-7f13fde07000 r-xp 00000000 08:12 5767365                    /lib/x86_64-linux-gnu/libdl-2.19.so
7f13fde07000-7f13fe006000 ---p 00003000 08:12 5767365                    /lib/x86_64-linux-gnu/libdl-2.19.so
7f13fe006000-7f13fe007000 r--p 00002000 08:12 5767365                    /lib/x86_64-linux-gnu/libdl-2.19.so
7f13fe007000-7f13fe008000 rw-p 00003000 08:12 5767365                    /lib/x86_64-linux-gnu/libdl-2.19.so
7f13fe008000-7f13fe01d000 r-xp 00000000 08:12 2902128                    /usr/lib/jvm/java-8-oracle/lib/amd64/jli/libjli.so
7f13fe01d000-7f13fe21d000 ---p 00015000 08:12 2902128                    /usr/lib/jvm/java-8-oracle/lib/amd64/jli/libjli.so
7f13fe21d000-7f13fe21e000 rw-p 00015000 08:12 2902128                    /usr/lib/jvm/java-8-oracle/lib/amd64/jli/libjli.so
7f13fe21e000-7f13fe237000 r-xp 00000000 08:12 5767370                    /lib/x86_64-linux-gnu/libpthread-2.19.so
7f13fe237000-7f13fe436000 ---p 00019000 08:12 5767370                    /lib/x86_64-linux-gnu/libpthread-2.19.so
7f13fe436000-7f13fe437000 r--p 00018000 08:12 5767370                    /lib/x86_64-linux-gnu/libpthread-2.19.so
7f13fe437000-7f13fe438000 rw-p 00019000 08:12 5767370                    /lib/x86_64-linux-gnu/libpthread-2.19.so
7f13fe438000-7f13fe43c000 rw-p 00000000 00:00 0 
7f13fe43c000-7f13fe45f000 r-xp 00000000 08:12 5767373                    /lib/x86_64-linux-gnu/ld-2.19.so
7f13fe460000-7f13fe463000 rw-p 00000000 00:00 0 
7f13fe463000-7f13fe464000 r--s 00003000 08:01 4457435                    /data/downloads/hamcrest-junit-2.0.0.0.jar
7f13fe464000-7f13fe468000 r--s 00097000 08:12 2629275                    /usr/lib/jvm/java-8-oracle/jre/lib/jsse.jar
7f13fe468000-7f13fe46a000 r--s 00007000 08:12 2629277                    /usr/lib/jvm/java-8-oracle/jre/lib/jfxswt.jar
7f13fe46a000-7f13fe46f000 r--s 00084000 08:12 2628652                    /usr/lib/jvm/java-8-oracle/jre/lib/jfr.jar
7f13fe46f000-7f13fe472000 r--s 0001a000 08:12 2629280                    /usr/lib/jvm/java-8-oracle/jre/lib/jce.jar
7f13fe472000-7f13fe53d000 rw-p 00000000 00:00 0 
7f13fe53d000-7f13fe540000 ---p 00000000 00:00 0 
7f13fe540000-7f13fe642000 rw-p 00000000 00:00 0                          [stack:8763]
7f13fe642000-7f13fe643000 r--s 00000000 08:12 2628592                    /usr/lib/jvm/java-8-oracle/jre/lib/management-agent.jar
7f13fe643000-7f13fe64c000 r--s 0006c000 08:12 2629269                    /usr/lib/jvm/java-8-oracle/jre/lib/javaws.jar
7f13fe64c000-7f13fe652000 r--s 002f8000 08:12 2628620                    /usr/lib/jvm/java-8-oracle/jre/lib/charsets.jar
7f13fe652000-7f13fe65a000 rw-s 00000000 08:12 6162260                    /tmp/hsperfdata_sooyoung/8761
7f13fe65a000-7f13fe65b000 rw-p 00000000 00:00 0 
7f13fe65b000-7f13fe65c000 r--p 00000000 00:00 0 
7f13fe65c000-7f13fe65e000 rw-p 00000000 00:00 0 
7f13fe65e000-7f13fe65f000 r--p 00022000 08:12 5767373                    /lib/x86_64-linux-gnu/ld-2.19.so
7f13fe65f000-7f13fe660000 rw-p 00023000 08:12 5767373                    /lib/x86_64-linux-gnu/ld-2.19.so
7f13fe660000-7f13fe661000 rw-p 00000000 00:00 0 
7fff94c3e000-7fff94c60000 rw-p 00000000 00:00 0                          [stack]
7fff94c7d000-7fff94c7f000 r--p 00000000 00:00 0                          [vvar]
7fff94c7f000-7fff94c81000 r-xp 00000000 00:00 0                          [vdso]
ffffffffff600000-ffffffffff601000 r-xp 00000000 00:00 0                  [vsyscall]

VM Arguments:
jvm_args: -agentlib:jdwp=transport=dt_socket,address=127.0.0.1:60189,suspend=y,server=n -Dfile.encoding=UTF-8 
java_command: algorithm.study.ep06.FanMeeting
java_class_path (initial): /usr/lib/jvm/java-8-oracle/jre/lib/charsets.jar:/usr/lib/jvm/java-8-oracle/jre/lib/deploy.jar:/usr/lib/jvm/java-8-oracle/jre/lib/ext/cldrdata.jar:/usr/lib/jvm/java-8-oracle/jre/lib/ext/dnsns.jar:/usr/lib/jvm/java-8-oracle/jre/lib/ext/jaccess.jar:/usr/lib/jvm/java-8-oracle/jre/lib/ext/jfxrt.jar:/usr/lib/jvm/java-8-oracle/jre/lib/ext/localedata.jar:/usr/lib/jvm/java-8-oracle/jre/lib/ext/nashorn.jar:/usr/lib/jvm/java-8-oracle/jre/lib/ext/sunec.jar:/usr/lib/jvm/java-8-oracle/jre/lib/ext/sunjce_provider.jar:/usr/lib/jvm/java-8-oracle/jre/lib/ext/sunpkcs11.jar:/usr/lib/jvm/java-8-oracle/jre/lib/ext/zipfs.jar:/usr/lib/jvm/java-8-oracle/jre/lib/javaws.jar:/usr/lib/jvm/java-8-oracle/jre/lib/jce.jar:/usr/lib/jvm/java-8-oracle/jre/lib/jfr.jar:/usr/lib/jvm/java-8-oracle/jre/lib/jfxswt.jar:/usr/lib/jvm/java-8-oracle/jre/lib/jsse.jar:/usr/lib/jvm/java-8-oracle/jre/lib/management-agent.jar:/usr/lib/jvm/java-8-oracle/jre/lib/plugin.jar:/usr/lib/jvm/java-8-oracle/jre/lib/resources.jar:/usr/lib/jvm/java-8-oracle/jre/lib/rt.jar:/data/downloads/junit-4.12.jar:/data/downloads/hamcrest-junit-2.0.0.0.jar:/data/git-repositories/study/algorithm-study/out/production/algospot:/home/sooyoung/dev/idea-IU-145.258.11/lib/idea_rt.jar
Launcher Type: SUN_STANDARD

Environment Variables:
JAVA_HOME=/usr/lib/jvm/java-8-oracle
PATH=/home/sooyoung/.pyenv/shims:/home/sooyoung/dev/DataGrip-2016.1/bin:/home/sooyoung/.pyenv/bin:/usr/local/sbin:/usr/local/bin:/usr/sbin:/usr/bin:/sbin:/bin:/usr/games:/usr/local/games:./node_modules/.bin:/home/sooyoung/.rvm/gems/ruby-2.2.1/bin:/home/sooyoung/.rvm/gems/ruby-2.2.1@global/bin:/home/sooyoung/.rvm/rubies/ruby-2.2.1/bin:/home/sooyoung/.sdkman/candidates/springboot/current/bin:./node_modules/.bin:/usr/local/sbin:/usr/local/bin:/usr/sbin:/usr/bin:/sbin:/bin:/usr/games:/usr/local/games:/usr/lib/jvm/java-8-oracle/bin:/home/sooyoung/dev/gradle-2.0/gradle-2.10/bin:/home/sooyoung/dev/idea-IU-145.258.11/bin:/home/sooyoung/dev/tomcat8/apache-tomcat-8.0.30/bin:/home/sooyoung/dev/pycharm-5.0.4/bin:/home/sooyoung/dev/WebStorm-143.1559.5/bin:/home/sooyoung/.rvm/bin:/usr/lib/jvm/java-8-oracle/bin:/home/sooyoung/dev/gradle-2.0/gradle-2.10/bin:/home/sooyoung/dev/idea-IU-145.258.11/bin:/home/sooyoung/dev/tomcat8/apache-tomcat-8.0.30/bin:/home/sooyoung/dev/pycharm-5.0.4/bin:/home/sooyoung/dev/WebStorm-143.1559.5/bin:/home/sooyoung/.rvm/bin
LD_LIBRARY_PATH=/home/sooyoung/dev/idea-IU-145.258.11/bin:
SHELL=/usr/bin/zsh
DISPLAY=:0

Signal Handlers:
SIGSEGV: [libjvm.so+0xabb070], sa_mask[0]=11111111011111111101111111111110, sa_flags=SA_RESTART|SA_SIGINFO
SIGBUS: [libjvm.so+0xabb070], sa_mask[0]=11111111011111111101111111111110, sa_flags=SA_RESTART|SA_SIGINFO
SIGFPE: [libjvm.so+0x918480], sa_mask[0]=11111111011111111101111111111110, sa_flags=SA_RESTART|SA_SIGINFO
SIGPIPE: [libjvm.so+0x918480], sa_mask[0]=11111111011111111101111111111110, sa_flags=SA_RESTART|SA_SIGINFO
SIGXFSZ: [libjvm.so+0x918480], sa_mask[0]=11111111011111111101111111111110, sa_flags=SA_RESTART|SA_SIGINFO
SIGILL: [libjvm.so+0x918480], sa_mask[0]=11111111011111111101111111111110, sa_flags=SA_RESTART|SA_SIGINFO
SIGUSR1: SIG_DFL, sa_mask[0]=00000000000000000000000000000000, sa_flags=none
SIGUSR2: [libjvm.so+0x919ab0], sa_mask[0]=00100000000000000000000000000000, sa_flags=SA_RESTART|SA_SIGINFO
SIGHUP: [libjvm.so+0x91aeb0], sa_mask[0]=11111111011111111101111111111110, sa_flags=SA_RESTART|SA_SIGINFO
SIGINT: [libjvm.so+0x91aeb0], sa_mask[0]=11111111011111111101111111111110, sa_flags=SA_RESTART|SA_SIGINFO
SIGTERM: [libjvm.so+0x91aeb0], sa_mask[0]=11111111011111111101111111111110, sa_flags=SA_RESTART|SA_SIGINFO
SIGQUIT: [libjvm.so+0x91aeb0], sa_mask[0]=11111111011111111101111111111110, sa_flags=SA_RESTART|SA_SIGINFO


---------------  S Y S T E M  ---------------

OS:DISTRIB_ID=Ubuntu
DISTRIB_RELEASE=14.04
DISTRIB_CODENAME=trusty
DISTRIB_DESCRIPTION="Ubuntu 14.04.4 LTS"

uname:Linux 3.19.0-58-generic #64~14.04.1-Ubuntu SMP Fri Mar 18 19:05:43 UTC 2016 x86_64
libc:glibc 2.19 NPTL 2.19 
rlimit: STACK 8192k, CORE 0k, NPROC 30634, NOFILE 4096, AS infinity
load average:0.10 0.23 0.30

/proc/meminfo:
MemTotal:        8081424 kB
MemFree:         1783272 kB
MemAvailable:    2992172 kB
Buffers:           92028 kB
Cached:          2356200 kB
SwapCached:       115092 kB
Active:          4236644 kB
Inactive:        1773728 kB
Active(anon):    3438112 kB
Inactive(anon):  1229576 kB
Active(file):     798532 kB
Inactive(file):   544152 kB
Unevictable:         256 kB
Mlocked:             256 kB
SwapTotal:       8294396 kB
SwapFree:        7282180 kB
Dirty:               564 kB
Writeback:             0 kB
AnonPages:       3548752 kB
Mapped:           793712 kB
Shmem:           1105512 kB
Slab:             128960 kB
SReclaimable:      70304 kB
SUnreclaim:        58656 kB
KernelStack:       16192 kB
PageTables:        71508 kB
NFS_Unstable:          0 kB
Bounce:                0 kB
WritebackTmp:          0 kB
CommitLimit:    12335108 kB
Committed_AS:   12831332 kB
VmallocTotal:   34359738367 kB
VmallocUsed:      362732 kB
VmallocChunk:   34359320240 kB
HardwareCorrupted:     0 kB
AnonHugePages:   1894400 kB
CmaTotal:              0 kB
CmaFree:               0 kB
HugePages_Total:       0
HugePages_Free:        0
HugePages_Rsvd:        0
HugePages_Surp:        0
Hugepagesize:       2048 kB
DirectMap4k:      315560 kB
DirectMap2M:     7979008 kB
DirectMap1G:           0 kB


CPU:total 8 (4 cores per cpu, 2 threads per core) family 6 model 60 stepping 3, cmov, cx8, fxsr, mmx, sse, sse2, sse3, ssse3, sse4.1, sse4.2, popcnt, avx, avx2, aes, clmul, erms, lzcnt, ht, tsc, tscinvbit, bmi1, bmi2

/proc/cpuinfo:
processor	: 0
vendor_id	: GenuineIntel
cpu family	: 6
model		: 60
model name	: Intel(R) Core(TM) i7-4712MQ CPU @ 2.30GHz
stepping	: 3
microcode	: 0x1c
cpu MHz		: 2300.000
cache size	: 6144 KB
physical id	: 0
siblings	: 8
core id		: 0
cpu cores	: 4
apicid		: 0
initial apicid	: 0
fpu		: yes
fpu_exception	: yes
cpuid level	: 13
wp		: yes
flags		: fpu vme de pse tsc msr pae mce cx8 apic sep mtrr pge mca cmov pat pse36 clflush dts acpi mmx fxsr sse sse2 ss ht tm pbe syscall nx pdpe1gb rdtscp lm constant_tsc arch_perfmon pebs bts rep_good nopl xtopology nonstop_tsc aperfmperf eagerfpu pni pclmulqdq dtes64 monitor ds_cpl vmx est tm2 ssse3 fma cx16 xtpr pdcm pcid sse4_1 sse4_2 movbe popcnt tsc_deadline_timer aes xsave avx f16c rdrand lahf_lm abm ida arat epb pln pts dtherm tpr_shadow vnmi flexpriority ept vpid fsgsbase tsc_adjust bmi1 avx2 smep bmi2 erms invpcid xsaveopt
bugs		:
bogomips	: 4589.52
clflush size	: 64
cache_alignment	: 64
address sizes	: 39 bits physical, 48 bits virtual
power management:

processor	: 1
vendor_id	: GenuineIntel
cpu family	: 6
model		: 60
model name	: Intel(R) Core(TM) i7-4712MQ CPU @ 2.30GHz
stepping	: 3
microcode	: 0x1c
cpu MHz		: 2426.859
cache size	: 6144 KB
physical id	: 0
siblings	: 8
core id		: 0
cpu cores	: 4
apicid		: 1
initial apicid	: 1
fpu		: yes
fpu_exception	: yes
cpuid level	: 13
wp		: yes
flags		: fpu vme de pse tsc msr pae mce cx8 apic sep mtrr pge mca cmov pat pse36 clflush dts acpi mmx fxsr sse sse2 ss ht tm pbe syscall nx pdpe1gb rdtscp lm constant_tsc arch_perfmon pebs bts rep_good nopl xtopology nonstop_tsc aperfmperf eagerfpu pni pclmulqdq dtes64 monitor ds_cpl vmx est tm2 ssse3 fma cx16 xtpr pdcm pcid sse4_1 sse4_2 movbe popcnt tsc_deadline_timer aes xsave avx f16c rdrand lahf_lm abm ida arat epb pln pts dtherm tpr_shadow vnmi flexpriority ept vpid fsgsbase tsc_adjust bmi1 avx2 smep bmi2 erms invpcid xsaveopt
bugs		:
bogomips	: 4589.52
clflush size	: 64
cache_alignment	: 64
address sizes	: 39 bits physical, 48 bits virtual
power management:

processor	: 2
vendor_id	: GenuineIntel
cpu family	: 6
model		: 60
model name	: Intel(R) Core(TM) i7-4712MQ CPU @ 2.30GHz
stepping	: 3
microcode	: 0x1c
cpu MHz		: 2300.000
cache size	: 6144 KB
physical id	: 0
siblings	: 8
core id		: 1
cpu cores	: 4
apicid		: 2
initial apicid	: 2
fpu		: yes
fpu_exception	: yes
cpuid level	: 13
wp		: yes
flags		: fpu vme de pse tsc msr pae mce cx8 apic sep mtrr pge mca cmov pat pse36 clflush dts acpi mmx fxsr sse sse2 ss ht tm pbe syscall nx pdpe1gb rdtscp lm constant_tsc arch_perfmon pebs bts rep_good nopl xtopology nonstop_tsc aperfmperf eagerfpu pni pclmulqdq dtes64 monitor ds_cpl vmx est tm2 ssse3 fma cx16 xtpr pdcm pcid sse4_1 sse4_2 movbe popcnt tsc_deadline_timer aes xsave avx f16c rdrand lahf_lm abm ida arat epb pln pts dtherm tpr_shadow vnmi flexpriority ept vpid fsgsbase tsc_adjust bmi1 avx2 smep bmi2 erms invpcid xsaveopt
bugs		:
bogomips	: 4589.52
clflush size	: 64
cache_alignment	: 64
address sizes	: 39 bits physical, 48 bits virtual
power management:

processor	: 3
vendor_id	: GenuineIntel
cpu family	: 6
model		: 60
model name	: Intel(R) Core(TM) i7-4712MQ CPU @ 2.30GHz
stepping	: 3
microcode	: 0x1c
cpu MHz		: 2436.832
cache size	: 6144 KB
physical id	: 0
siblings	: 8
core id		: 1
cpu cores	: 4
apicid		: 3
initial apicid	: 3
fpu		: yes
fpu_exception	: yes
cpuid level	: 13
wp		: yes
flags		: fpu vme de pse tsc msr pae mce cx8 apic sep mtrr pge mca cmov pat pse36 clflush dts acpi mmx fxsr sse sse2 ss ht tm pbe syscall nx pdpe1gb rdtscp lm constant_tsc arch_perfmon pebs bts rep_good nopl xtopology nonstop_tsc aperfmperf eagerfpu pni pclmulqdq dtes64 monitor ds_cpl vmx est tm2 ssse3 fma cx16 xtpr pdcm pcid sse4_1 sse4_2 movbe popcnt tsc_deadline_timer aes xsave avx f16c rdrand lahf_lm abm ida arat epb pln pts dtherm tpr_shadow vnmi flexpriority ept vpid fsgsbase tsc_adjust bmi1 avx2 smep bmi2 erms invpcid xsaveopt
bugs		:
bogomips	: 4589.52
clflush size	: 64
cache_alignment	: 64
address sizes	: 39 bits physical, 48 bits virtual
power management:

processor	: 4
vendor_id	: GenuineIntel
cpu family	: 6
model		: 60
model name	: Intel(R) Core(TM) i7-4712MQ CPU @ 2.30GHz
stepping	: 3
microcode	: 0x1c
cpu MHz		: 2300.000
cache size	: 6144 KB
physical id	: 0
siblings	: 8
core id		: 2
cpu cores	: 4
apicid		: 4
initial apicid	: 4
fpu		: yes
fpu_exception	: yes
cpuid level	: 13
wp		: yes
flags		: fpu vme de pse tsc msr pae mce cx8 apic sep mtrr pge mca cmov pat pse36 clflush dts acpi mmx fxsr sse sse2 ss ht tm pbe syscall nx pdpe1gb rdtscp lm constant_tsc arch_perfmon pebs bts rep_good nopl xtopology nonstop_tsc aperfmperf eagerfpu pni pclmulqdq dtes64 monitor ds_cpl vmx est tm2 ssse3 fma cx16 xtpr pdcm pcid sse4_1 sse4_2 movbe popcnt tsc_deadline_timer aes xsave avx f16c rdrand lahf_lm abm ida arat epb pln pts dtherm tpr_shadow vnmi flexpriority ept vpid fsgsbase tsc_adjust bmi1 avx2 smep bmi2 erms invpcid xsaveopt
bugs		:
bogomips	: 4589.52
clflush size	: 64
cache_alignment	: 64
address sizes	: 39 bits physical, 48 bits virtual
power management:

processor	: 5
vendor_id	: GenuineIntel
cpu family	: 6
model		: 60
model name	: Intel(R) Core(TM) i7-4712MQ CPU @ 2.30GHz
stepping	: 3
microcode	: 0x1c
cpu MHz		: 2299.910
cache size	: 6144 KB
physical id	: 0
siblings	: 8
core id		: 2
cpu cores	: 4
apicid		: 5
initial apicid	: 5
fpu		: yes
fpu_exception	: yes
cpuid level	: 13
wp		: yes
flags		: fpu vme de pse tsc msr pae mce cx8 apic sep mtrr pge mca cmov pat pse36 clflush dts acpi mmx fxsr sse sse2 ss ht tm pbe syscall nx pdpe1gb rdtscp lm constant_tsc arch_perfmon pebs bts rep_good nopl xtopology nonstop_tsc aperfmperf eagerfpu pni pclmulqdq dtes64 monitor ds_cpl vmx est tm2 ssse3 fma cx16 xtpr pdcm pcid sse4_1 sse4_2 movbe popcnt tsc_deadline_timer aes xsave avx f16c rdrand lahf_lm abm ida arat epb pln pts dtherm tpr_shadow vnmi flexpriority ept vpid fsgsbase tsc_adjust bmi1 avx2 smep bmi2 erms invpcid xsaveopt
bugs		:
bogomips	: 4589.52
clflush size	: 64
cache_alignment	: 64
address sizes	: 39 bits physical, 48 bits virtual
power management:

processor	: 6
vendor_id	: GenuineIntel
cpu family	: 6
model		: 60
model name	: Intel(R) Core(TM) i7-4712MQ CPU @ 2.30GHz
stepping	: 3
microcode	: 0x1c
cpu MHz		: 2300.000
cache size	: 6144 KB
physical id	: 0
siblings	: 8
core id		: 3
cpu cores	: 4
apicid		: 6
initial apicid	: 6
fpu		: yes
fpu_exception	: yes
cpuid level	: 13
wp		: yes
flags		: fpu vme de pse tsc msr pae mce cx8 apic sep mtrr pge mca cmov pat pse36 clflush dts acpi mmx fxsr sse sse2 ss ht tm pbe syscall nx pdpe1gb rdtscp lm constant_tsc arch_perfmon pebs bts rep_good nopl xtopology nonstop_tsc aperfmperf eagerfpu pni pclmulqdq dtes64 monitor ds_cpl vmx est tm2 ssse3 fma cx16 xtpr pdcm pcid sse4_1 sse4_2 movbe popcnt tsc_deadline_timer aes xsave avx f16c rdrand lahf_lm abm ida arat epb pln pts dtherm tpr_shadow vnmi flexpriority ept vpid fsgsbase tsc_adjust bmi1 avx2 smep bmi2 erms invpcid xsaveopt
bugs		:
bogomips	: 4589.52
clflush size	: 64
cache_alignment	: 64
address sizes	: 39 bits physical, 48 bits virtual
power management:

processor	: 7
vendor_id	: GenuineIntel
cpu family	: 6
model		: 60
model name	: Intel(R) Core(TM) i7-4712MQ CPU @ 2.30GHz
stepping	: 3
microcode	: 0x1c
cpu MHz		: 2347.347
cache size	: 6144 KB
physical id	: 0
siblings	: 8
core id		: 3
cpu cores	: 4
apicid		: 7
initial apicid	: 7
fpu		: yes
fpu_exception	: yes
cpuid level	: 13
wp		: yes
flags		: fpu vme de pse tsc msr pae mce cx8 apic sep mtrr pge mca cmov pat pse36 clflush dts acpi mmx fxsr sse sse2 ss ht tm pbe syscall nx pdpe1gb rdtscp lm constant_tsc arch_perfmon pebs bts rep_good nopl xtopology nonstop_tsc aperfmperf eagerfpu pni pclmulqdq dtes64 monitor ds_cpl vmx est tm2 ssse3 fma cx16 xtpr pdcm pcid sse4_1 sse4_2 movbe popcnt tsc_deadline_timer aes xsave avx f16c rdrand lahf_lm abm ida arat epb pln pts dtherm tpr_shadow vnmi flexpriority ept vpid fsgsbase tsc_adjust bmi1 avx2 smep bmi2 erms invpcid xsaveopt
bugs		:
bogomips	: 4589.52
clflush size	: 64
cache_alignment	: 64
address sizes	: 39 bits physical, 48 bits virtual
power management:



Memory: 4k page, physical 8081424k(1783152k free), swap 8294396k(7282180k free)

vm_info: Java HotSpot(TM) 64-Bit Server VM (25.77-b03) for linux-amd64 JRE (1.8.0_77-b03), built on Mar 20 2016 22:00:46 by "java_re" with gcc 4.3.0 20080428 (Red Hat 4.3.0-8)

time: Mon Apr 25 21:04:18 2016
elapsed time: 681 seconds (0d 0h 11m 21s)

